2018-01-23 11:38:33.397  INFO 1337 --- [main] s.c.a.AnnotationConfigApplicationContext : Refreshing org.springframework.context.annotation.AnnotationConfigApplicationContext@15713d56: startup date [Tue Jan 23 11:38:33 CST 2018]; root of context hierarchy
2018-01-23 11:38:34.492  INFO 1337 --- [main] f.a.AutowiredAnnotationBeanPostProcessor : JSR-330 'javax.inject.Inject' annotation found and supported for autowiring
2018-01-23 11:38:34.995  INFO 1337 --- [main] trationDelegate$BeanPostProcessorChecker : Bean 'configurationPropertiesRebinderAutoConfiguration' of type [org.springframework.cloud.autoconfigure.ConfigurationPropertiesRebinderAutoConfiguration$$EnhancerBySpringCGLIB$$df9df2d5] is not eligible for getting processed by all BeanPostProcessors (for example: not eligible for auto-proxying)
2018-01-23 11:38:36.400  INFO 1337 --- [main] c.c.p.p.client.ClientApplicationTests    : The following profiles are active: local
2018-01-23 11:38:36.436  INFO 1337 --- [main] o.s.w.c.s.GenericWebApplicationContext   : Refreshing org.springframework.web.context.support.GenericWebApplicationContext@1bdaa23d: startup date [Tue Jan 23 11:38:36 CST 2018]; parent: org.springframework.context.annotation.AnnotationConfigApplicationContext@15713d56
2018-01-23 11:38:42.101  INFO 1337 --- [main] o.s.cloud.context.scope.GenericScope     : BeanFactory id=9a96d8d0-fa35-355a-9206-564e817d9cb3
2018-01-23 11:38:42.420  INFO 1337 --- [main] f.a.AutowiredAnnotationBeanPostProcessor : JSR-330 'javax.inject.Inject' annotation found and supported for autowiring
2018-01-23 11:38:42.524  INFO 1337 --- [main] trationDelegate$BeanPostProcessorChecker : Bean 'com.chinacaring.auth.feign.SmsService' of type [org.springframework.cloud.netflix.feign.FeignClientFactoryBean] is not eligible for getting processed by all BeanPostProcessors (for example: not eligible for auto-proxying)
2018-01-23 11:38:42.800  INFO 1337 --- [main] trationDelegate$BeanPostProcessorChecker : Bean 'org.springframework.transaction.annotation.ProxyTransactionManagementConfiguration' of type [org.springframework.transaction.annotation.ProxyTransactionManagementConfiguration$$EnhancerBySpringCGLIB$$c383efd8] is not eligible for getting processed by all BeanPostProcessors (for example: not eligible for auto-proxying)
2018-01-23 11:38:43.168  INFO 1337 --- [main] trationDelegate$BeanPostProcessorChecker : Bean 'org.springframework.security.config.annotation.configuration.ObjectPostProcessorConfiguration' of type [org.springframework.security.config.annotation.configuration.ObjectPostProcessorConfiguration$$EnhancerBySpringCGLIB$$5c31b812] is not eligible for getting processed by all BeanPostProcessors (for example: not eligible for auto-proxying)
2018-01-23 11:38:43.186  INFO 1337 --- [main] trationDelegate$BeanPostProcessorChecker : Bean 'objectPostProcessor' of type [org.springframework.security.config.annotation.configuration.AutowireBeanFactoryObjectPostProcessor] is not eligible for getting processed by all BeanPostProcessors (for example: not eligible for auto-proxying)
2018-01-23 11:38:43.196  INFO 1337 --- [main] trationDelegate$BeanPostProcessorChecker : Bean 'org.springframework.security.access.expression.method.DefaultMethodSecurityExpressionHandler@23564dd2' of type [org.springframework.security.oauth2.provider.expression.OAuth2MethodSecurityExpressionHandler] is not eligible for getting processed by all BeanPostProcessors (for example: not eligible for auto-proxying)
2018-01-23 11:38:43.221  INFO 1337 --- [main] trationDelegate$BeanPostProcessorChecker : Bean 'org.springframework.security.config.annotation.method.configuration.GlobalMethodSecurityConfiguration' of type [org.springframework.security.config.annotation.method.configuration.GlobalMethodSecurityConfiguration$$EnhancerBySpringCGLIB$$81065ac4] is not eligible for getting processed by all BeanPostProcessors (for example: not eligible for auto-proxying)
2018-01-23 11:38:43.243  INFO 1337 --- [main] trationDelegate$BeanPostProcessorChecker : Bean 'methodSecurityMetadataSource' of type [org.springframework.security.access.method.DelegatingMethodSecurityMetadataSource] is not eligible for getting processed by all BeanPostProcessors (for example: not eligible for auto-proxying)
2018-01-23 11:38:43.292  INFO 1337 --- [main] trationDelegate$BeanPostProcessorChecker : Bean 'org.springframework.cloud.netflix.metrics.MetricsInterceptorConfiguration$MetricsRestTemplateConfiguration' of type [org.springframework.cloud.netflix.metrics.MetricsInterceptorConfiguration$MetricsRestTemplateConfiguration$$EnhancerBySpringCGLIB$$f5b09619] is not eligible for getting processed by all BeanPostProcessors (for example: not eligible for auto-proxying)
2018-01-23 11:38:43.320  INFO 1337 --- [main] trationDelegate$BeanPostProcessorChecker : Bean 'org.springframework.cloud.autoconfigure.ConfigurationPropertiesRebinderAutoConfiguration' of type [org.springframework.cloud.autoconfigure.ConfigurationPropertiesRebinderAutoConfiguration$$EnhancerBySpringCGLIB$$df9df2d5] is not eligible for getting processed by all BeanPostProcessors (for example: not eligible for auto-proxying)
2018-01-23 11:38:45.680  INFO 1337 --- [main] j.LocalContainerEntityManagerFactoryBean : Building JPA container EntityManagerFactory for persistence unit 'default'
2018-01-23 11:38:45.728  INFO 1337 --- [main] o.hibernate.jpa.internal.util.LogHelper  : HHH000204: Processing PersistenceUnitInfo [
	name: default
	...]
2018-01-23 11:38:45.910  INFO 1337 --- [main] org.hibernate.Version                    : HHH000412: Hibernate Core {5.0.12.Final}
2018-01-23 11:38:45.919  INFO 1337 --- [main] org.hibernate.cfg.Environment            : HHH000206: hibernate.properties not found
2018-01-23 11:38:45.922  INFO 1337 --- [main] org.hibernate.cfg.Environment            : HHH000021: Bytecode provider name : javassist
2018-01-23 11:38:46.034  INFO 1337 --- [main] o.hibernate.annotations.common.Version   : HCANN000001: Hibernate Commons Annotations {5.0.1.Final}
2018-01-23 11:38:46.623  INFO 1337 --- [main] org.hibernate.dialect.Dialect            : HHH000400: Using dialect: org.hibernate.dialect.MySQL5Dialect
2018-01-23 11:38:48.506  INFO 1337 --- [main] org.hibernate.tool.hbm2ddl.SchemaUpdate  : HHH000228: Running hbm2ddl schema update
2018-01-23 11:38:50.506  INFO 1337 --- [main] j.LocalContainerEntityManagerFactoryBean : Initialized JPA EntityManagerFactory for persistence unit 'default'
2018-01-23 11:38:53.185  WARN 1337 --- [main] n.s.ehcache.config.ConfigurationFactory  : No configuration found. Configuring ehcache from ehcache-failsafe.xml  found in the classpath: jar:file:/Users/lanjian/.m2/repository/net/sf/ehcache/ehcache/2.10.4/ehcache-2.10.4.jar!/ehcache-failsafe.xml
2018-01-23 11:38:53.428  WARN 1337 --- [main] net.sf.ehcache.DiskStorePathManager      : diskStorePath '/var/folders/p5/r_js6f3d3vv0831y2x2r82fc0000gn/T' is already used by an existing CacheManager either in the same VM or in a different process.
The diskStore path for this CacheManager will be set to /var/folders/p5/r_js6f3d3vv0831y2x2r82fc0000gn/T/ehcache_auto_created6643965963205273429diskstore.
To avoid this warning consider using the CacheManager factory methods to create a singleton CacheManager or specifying a separate ehcache configuration (ehcache.xml) for each CacheManager instance.
2018-01-23 11:38:54.888  INFO 1337 --- [main] org.dozer.config.GlobalSettings          : Trying to find Dozer configuration file: dozer.properties
2018-01-23 11:38:54.899  WARN 1337 --- [main] org.dozer.config.GlobalSettings          : Dozer configuration file not found: dozer.properties.  Using defaults for all Dozer global properties.
2018-01-23 11:38:54.903  INFO 1337 --- [main] org.dozer.DozerInitializer               : Initializing Dozer. Version: 5.5.0, Thread Name: main
2018-01-23 11:38:54.907  INFO 1337 --- [main] org.dozer.jmx.JMXPlatformImpl            : Dozer JMX MBean [org.dozer.jmx:type=DozerStatisticsController] auto registered with the Platform MBean Server
2018-01-23 11:38:54.909  INFO 1337 --- [main] org.dozer.jmx.JMXPlatformImpl            : Dozer JMX MBean [org.dozer.jmx:type=DozerAdminController] auto registered with the Platform MBean Server
2018-01-23 11:38:54.911  INFO 1337 --- [main] org.dozer.DozerBeanMapper                : Initializing a new instance of dozer bean mapper.
2018-01-23 11:38:55.449  INFO 1337 --- [main] o.s.b.t.m.w.SpringBootMockServletContext : jolokia: No access restrictor found, access to any MBean is allowed
2018-01-23 11:38:56.300  INFO 1337 --- [main] s.c.a.AnnotationConfigApplicationContext : Refreshing org.springframework.context.annotation.AnnotationConfigApplicationContext@1cf7c055: startup date [Tue Jan 23 11:38:56 CST 2018]; parent: org.springframework.web.context.support.GenericWebApplicationContext@1bdaa23d
2018-01-23 11:38:56.341  INFO 1337 --- [main] f.a.AutowiredAnnotationBeanPostProcessor : JSR-330 'javax.inject.Inject' annotation found and supported for autowiring
2018-01-23 11:38:57.791  INFO 1337 --- [main] s.w.s.m.m.a.RequestMappingHandlerMapping : Mapped "{[/schedule/dept/{dept_code}],methods=[GET]}" onto public java.lang.Object com.chinacaring.peixian.patient.client.controller.AppointmentController.getSchedule(java.lang.String,java.lang.String,java.lang.String) throws com.chinacaring.common.exception.CommonException,java.text.ParseException
2018-01-23 11:38:57.795  INFO 1337 --- [main] s.w.s.m.m.a.RequestMappingHandlerMapping : Mapped "{[/register],methods=[POST]}" onto public java.lang.Object com.chinacaring.peixian.patient.client.controller.AppointmentController.createAppointmentOrder(com.chinacaring.peixian.patient.client.dto.front.request.AppointmentInfoRequest,com.chinacaring.user.dao.entity.User) throws com.chinacaring.common.exception.CommonException,java.text.ParseException
2018-01-23 11:38:57.796  INFO 1337 --- [main] s.w.s.m.m.a.RequestMappingHandlerMapping : Mapped "{[/register_status/{id}],methods=[GET]}" onto public java.lang.Object com.chinacaring.peixian.patient.client.controller.AppointmentController.getRegisterStatus(java.lang.Integer) throws com.chinacaring.common.exception.CommonException
2018-01-23 11:38:57.797  INFO 1337 --- [main] s.w.s.m.m.a.RequestMappingHandlerMapping : Mapped "{[/register/{patient_code}],methods=[GET]}" onto public java.lang.Object com.chinacaring.peixian.patient.client.controller.AppointmentController.getAppointmentRecords(java.lang.String,com.chinacaring.user.dao.entity.User) throws com.chinacaring.common.exception.CommonException
2018-01-23 11:38:57.798  INFO 1337 --- [main] s.w.s.m.m.a.RequestMappingHandlerMapping : Mapped "{[/dept],methods=[GET]}" onto public java.lang.Object com.chinacaring.peixian.patient.client.controller.BaseInfoController.getDepts()
2018-01-23 11:38:57.799  INFO 1337 --- [main] s.w.s.m.m.a.RequestMappingHandlerMapping : Mapped "{[/deptList],methods=[GET]}" onto public java.lang.Object com.chinacaring.peixian.patient.client.controller.BaseInfoController.shedule() throws com.chinacaring.common.exception.CommonException
2018-01-23 11:38:57.801  INFO 1337 --- [main] s.w.s.m.m.a.RequestMappingHandlerMapping : Mapped "{[/clinic_check],methods=[GET]}" onto public java.lang.Object com.chinacaring.peixian.patient.client.controller.CheckController.getClinicChecks(java.lang.String,java.lang.String,java.lang.String) throws com.chinacaring.common.exception.CommonException,java.text.ParseException
2018-01-23 11:38:57.808  INFO 1337 --- [main] s.w.s.m.m.a.RequestMappingHandlerMapping : Mapped "{[/patient],methods=[POST]}" onto public java.lang.Object com.chinacaring.peixian.patient.client.controller.CommonUsedPatientController.bindCommonUsedPatient(com.chinacaring.peixian.patient.client.dto.front.request.CommonUsedPatientRequest,com.chinacaring.user.dao.entity.User) throws com.chinacaring.common.exception.CommonException,java.text.ParseException
2018-01-23 11:38:57.809  INFO 1337 --- [main] s.w.s.m.m.a.RequestMappingHandlerMapping : Mapped "{[/patient],methods=[DELETE]}" onto public java.lang.Object com.chinacaring.peixian.patient.client.controller.CommonUsedPatientController.deleteCommonUsedPatient(java.lang.String,com.chinacaring.user.dao.entity.User) throws com.chinacaring.common.exception.CommonException
2018-01-23 11:38:57.810  INFO 1337 --- [main] s.w.s.m.m.a.RequestMappingHandlerMapping : Mapped "{[/patient],methods=[GET]}" onto public java.lang.Object com.chinacaring.peixian.patient.client.controller.CommonUsedPatientController.getCommonUsedPatient(com.chinacaring.user.dao.entity.User) throws com.chinacaring.common.exception.CommonException
2018-01-23 11:38:57.812  INFO 1337 --- [main] s.w.s.m.m.a.RequestMappingHandlerMapping : Mapped "{[/patient],methods=[PUT]}" onto public java.lang.Object com.chinacaring.peixian.patient.client.controller.CommonUsedPatientController.modifyPhoneCommonUsedPatient(com.chinacaring.peixian.patient.client.dto.front.request.CommonUsedPatientRequest,com.chinacaring.user.dao.entity.User) throws com.chinacaring.common.exception.CommonException
2018-01-23 11:38:57.814  INFO 1337 --- [main] s.w.s.m.m.a.RequestMappingHandlerMapping : Mapped "{[/examine],methods=[GET]}" onto public java.lang.Object com.chinacaring.peixian.patient.client.controller.ExamineController.getExamine(java.lang.String,java.lang.String,java.lang.String) throws java.text.ParseException,com.chinacaring.common.exception.CommonException
2018-01-23 11:38:57.821  INFO 1337 --- [main] s.w.s.m.m.a.RequestMappingHandlerMapping : Mapped "{[/in_hospital/balance],methods=[GET]}" onto public java.lang.Object com.chinacaring.peixian.patient.client.controller.InbalanceController.getInbalance(java.lang.String,java.lang.String) throws com.chinacaring.common.exception.CommonException
2018-01-23 11:38:57.822  INFO 1337 --- [main] s.w.s.m.m.a.RequestMappingHandlerMapping : Mapped "{[/in_hospital/deposit/recharge],methods=[POST]}" onto public java.lang.Object com.chinacaring.peixian.patient.client.controller.InbalanceController.createInbalanceOrder(com.chinacaring.peixian.patient.client.dto.front.request.InbalanceInfoRequest,com.chinacaring.user.dao.entity.User) throws java.text.ParseException
2018-01-23 11:38:57.824  INFO 1337 --- [main] s.w.s.m.m.a.RequestMappingHandlerMapping : Mapped "{[/in_hospital/balance/{id}],methods=[GET]}" onto public java.lang.Object com.chinacaring.peixian.patient.client.controller.InbalanceController.getInbalanceStatus(java.lang.Integer) throws com.chinacaring.common.exception.CommonException
2018-01-23 11:38:57.825  INFO 1337 --- [main] s.w.s.m.m.a.RequestMappingHandlerMapping : Mapped "{[/in_hospital/bills],methods=[GET]}" onto public java.lang.Object com.chinacaring.peixian.patient.client.controller.InbalanceController.getInhospitalBills(java.lang.String,java.lang.String) throws com.chinacaring.common.exception.CommonException
2018-01-23 11:38:57.832  INFO 1337 --- [main] s.w.s.m.m.a.RequestMappingHandlerMapping : Mapped "{[/clinic/record],methods=[GET]}" onto public java.lang.Object com.chinacaring.peixian.patient.client.controller.OutpatientController.getClinicRecords(java.lang.String,java.lang.String,java.lang.String) throws com.chinacaring.common.exception.CommonException,java.text.ParseException
2018-01-23 11:38:57.833  INFO 1337 --- [main] s.w.s.m.m.a.RequestMappingHandlerMapping : Mapped "{[/clinic/medicine/record],methods=[GET]}" onto public java.lang.Object com.chinacaring.peixian.patient.client.controller.OutpatientController.getOutpatientMedicalRecords(java.lang.String) throws com.chinacaring.common.exception.CommonException
2018-01-23 11:38:57.833  INFO 1337 --- [main] s.w.s.m.m.a.RequestMappingHandlerMapping : Mapped "{[/clinic/bills],methods=[GET]}" onto public java.lang.Object com.chinacaring.peixian.patient.client.controller.OutpatientController.getOutpatientUnpaidRecords(java.lang.String,java.lang.String,java.lang.String) throws com.chinacaring.common.exception.CommonException,java.text.ParseException
2018-01-23 11:38:57.834  INFO 1337 --- [main] s.w.s.m.m.a.RequestMappingHandlerMapping : Mapped "{[/clinic/recipe],methods=[GET]}" onto public java.lang.Object com.chinacaring.peixian.patient.client.controller.OutpatientController.getPrescription(java.lang.String,java.lang.String) throws com.chinacaring.common.exception.CommonException,java.text.ParseException
2018-01-23 11:38:57.835  INFO 1337 --- [main] s.w.s.m.m.a.RequestMappingHandlerMapping : Mapped "{[/clinic/recipe/charge],methods=[POST]}" onto public java.lang.Object com.chinacaring.peixian.patient.client.controller.OutpatientController.createOutpatientOrder(com.chinacaring.peixian.patient.client.dto.front.request.OutpatientInfoRequest,com.chinacaring.user.dao.entity.User) throws com.chinacaring.common.exception.CommonException
2018-01-23 11:38:57.835  INFO 1337 --- [main] s.w.s.m.m.a.RequestMappingHandlerMapping : Mapped "{[/clinic/{id}],methods=[GET]}" onto public java.lang.Object com.chinacaring.peixian.patient.client.controller.OutpatientController.getClinicStatus(java.lang.Integer) throws com.chinacaring.common.exception.CommonException
2018-01-23 11:38:57.836  INFO 1337 --- [main] s.w.s.m.m.a.RequestMappingHandlerMapping : Mapped "{[/payment_records/{id_card}],methods=[GET]}" onto public java.lang.Object com.chinacaring.peixian.patient.client.controller.PaymentController.getPayments(java.lang.String,com.chinacaring.user.dao.entity.User) throws java.util.concurrent.ExecutionException,java.lang.InterruptedException
2018-01-23 11:38:57.837  INFO 1337 --- [main] s.w.s.m.m.a.RequestMappingHandlerMapping : Mapped "{[/user],methods=[GET]}" onto public java.lang.Object com.chinacaring.peixian.patient.client.controller.UserInfoController.getUserInfo(com.chinacaring.user.dao.entity.User)
2018-01-23 11:38:57.839  INFO 1337 --- [main] s.w.s.m.m.a.RequestMappingHandlerMapping : Mapped "{[/webhooks/register],methods=[POST]}" onto public java.lang.Object com.chinacaring.peixian.patient.client.controller.WebhookController.registerWebhook(java.lang.String,javax.servlet.http.HttpServletRequest,javax.servlet.http.HttpServletResponse) throws com.chinacaring.common.exception.CommonException
2018-01-23 11:38:57.840  INFO 1337 --- [main] s.w.s.m.m.a.RequestMappingHandlerMapping : Mapped "{[/test2],methods=[GET]}" onto public java.lang.Object com.chinacaring.peixian.patient.client.controller.testController.Test(java.lang.String) throws com.chinacaring.common.exception.CommonException
2018-01-23 11:38:57.843  INFO 1337 --- [main] s.w.s.m.m.a.RequestMappingHandlerMapping : Mapped "{[/error],produces=[application/json]}" onto public org.springframework.http.ResponseEntity<java.util.Map<java.lang.String, java.lang.Object>> com.chinacaring.common.controller.CommonErrorController.error(javax.servlet.http.HttpServletRequest)
2018-01-23 11:38:57.844  INFO 1337 --- [main] s.w.s.m.m.a.RequestMappingHandlerMapping : Mapped "{[/error],produces=[text/html]}" onto public org.springframework.web.servlet.ModelAndView org.springframework.boot.autoconfigure.web.BasicErrorController.errorHtml(javax.servlet.http.HttpServletRequest,javax.servlet.http.HttpServletResponse)
2018-01-23 11:38:57.847  INFO 1337 --- [main] s.w.s.m.m.a.RequestMappingHandlerMapping : Mapped "{[/user],methods=[POST]}" onto public java.lang.Object com.chinacaring.auth.controller.SessionController.register(com.chinacaring.auth.model.RegisterUser) throws org.springframework.security.core.AuthenticationException
2018-01-23 11:38:57.847  INFO 1337 --- [main] s.w.s.m.m.a.RequestMappingHandlerMapping : Mapped "{[/session],methods=[POST]}" onto public java.lang.Object com.chinacaring.auth.controller.SessionController.createAuthenticationToken(com.chinacaring.auth.model.JwtAuthenticationRequest)
2018-01-23 11:38:57.847  INFO 1337 --- [main] s.w.s.m.m.a.RequestMappingHandlerMapping : Mapped "{[/session/phone],methods=[POST]}" onto public java.lang.Object com.chinacaring.auth.controller.SessionController.loginByPhone(com.chinacaring.auth.model.LoginByPhoneRequest) throws com.chinacaring.common.exception.CommonException
2018-01-23 11:38:57.848  INFO 1337 --- [main] s.w.s.m.m.a.RequestMappingHandlerMapping : Mapped "{[/session],methods=[PUT]}" onto public java.lang.Object com.chinacaring.auth.controller.SessionController.refreshAndGetAuthenticationToken(javax.servlet.http.HttpServletRequest) throws org.springframework.security.core.AuthenticationException
2018-01-23 11:38:57.848  INFO 1337 --- [main] s.w.s.m.m.a.RequestMappingHandlerMapping : Mapped "{[/user/phone],methods=[POST]}" onto public java.lang.Object com.chinacaring.auth.controller.SessionController.registerByPhone(com.chinacaring.auth.model.LoginByPhoneRequest) throws org.springframework.security.core.AuthenticationException,com.chinacaring.common.exception.CommonException
2018-01-23 11:38:57.852  INFO 1337 --- [main] s.w.s.m.m.a.RequestMappingHandlerMapping : Mapped "{[/user],methods=[PATCH]}" onto public java.lang.Object com.chinacaring.user.controller.UserController.modifyInfo(com.chinacaring.user.dto.request.UserInfoRequest,com.chinacaring.user.dao.entity.User)
2018-01-23 11:38:57.853  INFO 1337 --- [main] s.w.s.m.m.a.RequestMappingHandlerMapping : Mapped "{[/v2/api-docs],methods=[GET],produces=[application/json || application/hal+json]}" onto public org.springframework.http.ResponseEntity<springfox.documentation.spring.web.json.Json> springfox.documentation.swagger2.web.Swagger2Controller.getDocumentation(java.lang.String,javax.servlet.http.HttpServletRequest)
2018-01-23 11:38:57.858  INFO 1337 --- [main] s.w.s.m.m.a.RequestMappingHandlerMapping : Mapped "{[/swagger-resources]}" onto org.springframework.http.ResponseEntity<java.util.List<springfox.documentation.swagger.web.SwaggerResource>> springfox.documentation.swagger.web.ApiResourceController.swaggerResources()
2018-01-23 11:38:57.859  INFO 1337 --- [main] s.w.s.m.m.a.RequestMappingHandlerMapping : Mapped "{[/swagger-resources/configuration/security]}" onto org.springframework.http.ResponseEntity<springfox.documentation.swagger.web.SecurityConfiguration> springfox.documentation.swagger.web.ApiResourceController.securityConfiguration()
2018-01-23 11:38:57.860  INFO 1337 --- [main] s.w.s.m.m.a.RequestMappingHandlerMapping : Mapped "{[/swagger-resources/configuration/ui]}" onto org.springframework.http.ResponseEntity<springfox.documentation.swagger.web.UiConfiguration> springfox.documentation.swagger.web.ApiResourceController.uiConfiguration()
2018-01-23 11:38:59.877  INFO 1337 --- [main] o.s.b.a.e.mvc.EndpointHandlerMapping     : Mapped "{[/refresh || /refresh.json],methods=[POST]}" onto public java.lang.Object org.springframework.cloud.endpoint.GenericPostableMvcEndpoint.invoke()
2018-01-23 11:38:59.879  INFO 1337 --- [main] o.s.b.a.e.mvc.EndpointHandlerMapping     : Mapped "{[/health || /health.json],methods=[GET],produces=[application/vnd.spring-boot.actuator.v1+json || application/json]}" onto public java.lang.Object org.springframework.boot.actuate.endpoint.mvc.HealthMvcEndpoint.invoke(javax.servlet.http.HttpServletRequest,java.security.Principal)
2018-01-23 11:38:59.882  INFO 1337 --- [main] o.s.b.a.e.mvc.EndpointHandlerMapping     : Mapped "{[/env],methods=[POST]}" onto public java.lang.Object org.springframework.cloud.context.environment.EnvironmentManagerMvcEndpoint.value(java.util.Map<java.lang.String, java.lang.String>)
2018-01-23 11:38:59.883  INFO 1337 --- [main] o.s.b.a.e.mvc.EndpointHandlerMapping     : Mapped "{[/env/reset],methods=[POST]}" onto public java.util.Map<java.lang.String, java.lang.Object> org.springframework.cloud.context.environment.EnvironmentManagerMvcEndpoint.reset()
2018-01-23 11:38:59.885  INFO 1337 --- [main] o.s.b.a.e.mvc.EndpointHandlerMapping     : Mapped "{[/consul || /consul.json],methods=[GET],produces=[application/vnd.spring-boot.actuator.v1+json || application/json]}" onto public java.lang.Object org.springframework.boot.actuate.endpoint.mvc.EndpointMvcAdapter.invoke()
2018-01-23 11:38:59.886  INFO 1337 --- [main] o.s.b.a.e.mvc.EndpointHandlerMapping     : Mapped "{[/archaius || /archaius.json],methods=[GET],produces=[application/vnd.spring-boot.actuator.v1+json || application/json]}" onto public java.lang.Object org.springframework.boot.actuate.endpoint.mvc.EndpointMvcAdapter.invoke()
2018-01-23 11:38:59.888  INFO 1337 --- [main] o.s.b.a.e.mvc.EndpointHandlerMapping     : Mapped "{[/info || /info.json],methods=[GET],produces=[application/vnd.spring-boot.actuator.v1+json || application/json]}" onto public java.lang.Object org.springframework.boot.actuate.endpoint.mvc.EndpointMvcAdapter.invoke()
2018-01-23 11:38:59.889  INFO 1337 --- [main] o.s.b.a.e.mvc.EndpointHandlerMapping     : Mapped "{[/trace || /trace.json],methods=[GET],produces=[application/vnd.spring-boot.actuator.v1+json || application/json]}" onto public java.lang.Object org.springframework.boot.actuate.endpoint.mvc.EndpointMvcAdapter.invoke()
2018-01-23 11:38:59.891  INFO 1337 --- [main] o.s.b.a.e.mvc.EndpointHandlerMapping     : Mapped "{[/loggers/{name:.*}],methods=[GET],produces=[application/vnd.spring-boot.actuator.v1+json || application/json]}" onto public java.lang.Object org.springframework.boot.actuate.endpoint.mvc.LoggersMvcEndpoint.get(java.lang.String)
2018-01-23 11:38:59.892  INFO 1337 --- [main] o.s.b.a.e.mvc.EndpointHandlerMapping     : Mapped "{[/loggers/{name:.*}],methods=[POST],consumes=[application/vnd.spring-boot.actuator.v1+json || application/json],produces=[application/vnd.spring-boot.actuator.v1+json || application/json]}" onto public java.lang.Object org.springframework.boot.actuate.endpoint.mvc.LoggersMvcEndpoint.set(java.lang.String,java.util.Map<java.lang.String, java.lang.String>)
2018-01-23 11:38:59.893  INFO 1337 --- [main] o.s.b.a.e.mvc.EndpointHandlerMapping     : Mapped "{[/loggers || /loggers.json],methods=[GET],produces=[application/vnd.spring-boot.actuator.v1+json || application/json]}" onto public java.lang.Object org.springframework.boot.actuate.endpoint.mvc.EndpointMvcAdapter.invoke()
2018-01-23 11:38:59.894  INFO 1337 --- [main] o.s.b.a.e.mvc.EndpointHandlerMapping     : Mapped "{[/env/{name:.*}],methods=[GET],produces=[application/vnd.spring-boot.actuator.v1+json || application/json]}" onto public java.lang.Object org.springframework.boot.actuate.endpoint.mvc.EnvironmentMvcEndpoint.value(java.lang.String)
2018-01-23 11:38:59.894  INFO 1337 --- [main] o.s.b.a.e.mvc.EndpointHandlerMapping     : Mapped "{[/env || /env.json],methods=[GET],produces=[application/vnd.spring-boot.actuator.v1+json || application/json]}" onto public java.lang.Object org.springframework.boot.actuate.endpoint.mvc.EndpointMvcAdapter.invoke()
2018-01-23 11:38:59.896  INFO 1337 --- [main] o.s.b.a.e.mvc.EndpointHandlerMapping     : Mapped "{[/configprops || /configprops.json],methods=[GET],produces=[application/vnd.spring-boot.actuator.v1+json || application/json]}" onto public java.lang.Object org.springframework.boot.actuate.endpoint.mvc.EndpointMvcAdapter.invoke()
2018-01-23 11:38:59.898  INFO 1337 --- [main] o.s.b.a.e.mvc.EndpointHandlerMapping     : Mapped "{[/logfile || /logfile.json],methods=[GET || HEAD]}" onto public void org.springframework.boot.actuate.endpoint.mvc.LogFileMvcEndpoint.invoke(javax.servlet.http.HttpServletRequest,javax.servlet.http.HttpServletResponse) throws javax.servlet.ServletException,java.io.IOException
2018-01-23 11:38:59.899  INFO 1337 --- [main] o.s.b.a.e.mvc.EndpointHandlerMapping     : Mapped "{[/pause || /pause.json],methods=[POST]}" onto public java.lang.Object org.springframework.cloud.endpoint.GenericPostableMvcEndpoint.invoke()
2018-01-23 11:38:59.901  INFO 1337 --- [main] o.s.b.a.e.mvc.EndpointHandlerMapping     : Mapped "{[/heapdump || /heapdump.json],methods=[GET],produces=[application/octet-stream]}" onto public void org.springframework.boot.actuate.endpoint.mvc.HeapdumpMvcEndpoint.invoke(boolean,javax.servlet.http.HttpServletRequest,javax.servlet.http.HttpServletResponse) throws java.io.IOException,javax.servlet.ServletException
2018-01-23 11:38:59.902  INFO 1337 --- [main] o.s.b.a.e.mvc.EndpointHandlerMapping     : Mapped "{[/restart || /restart.json],methods=[POST]}" onto public java.lang.Object org.springframework.cloud.context.restart.RestartMvcEndpoint.invoke()
2018-01-23 11:38:59.903  INFO 1337 --- [main] o.s.b.a.e.mvc.EndpointHandlerMapping     : Mapped "{[/metrics/{name:.*}],methods=[GET],produces=[application/vnd.spring-boot.actuator.v1+json || application/json]}" onto public java.lang.Object org.springframework.boot.actuate.endpoint.mvc.MetricsMvcEndpoint.value(java.lang.String)
2018-01-23 11:38:59.904  INFO 1337 --- [main] o.s.b.a.e.mvc.EndpointHandlerMapping     : Mapped "{[/metrics || /metrics.json],methods=[GET],produces=[application/vnd.spring-boot.actuator.v1+json || application/json]}" onto public java.lang.Object org.springframework.boot.actuate.endpoint.mvc.EndpointMvcAdapter.invoke()
2018-01-23 11:38:59.905  INFO 1337 --- [main] o.s.b.a.e.mvc.EndpointHandlerMapping     : Mapped "{[/resume || /resume.json],methods=[POST]}" onto public java.lang.Object org.springframework.cloud.endpoint.GenericPostableMvcEndpoint.invoke()
2018-01-23 11:38:59.907  INFO 1337 --- [main] o.s.b.a.e.mvc.EndpointHandlerMapping     : Mapped "{[/mappings || /mappings.json],methods=[GET],produces=[application/vnd.spring-boot.actuator.v1+json || application/json]}" onto public java.lang.Object org.springframework.boot.actuate.endpoint.mvc.EndpointMvcAdapter.invoke()
2018-01-23 11:38:59.908  INFO 1337 --- [main] o.s.b.a.e.mvc.EndpointHandlerMapping     : Mapped "{[/service-registry/instance-status],methods=[POST]}" onto public org.springframework.http.ResponseEntity<?> org.springframework.cloud.client.serviceregistry.endpoint.ServiceRegistryEndpoint.setStatus(java.lang.String)
2018-01-23 11:38:59.908  INFO 1337 --- [main] o.s.b.a.e.mvc.EndpointHandlerMapping     : Mapped "{[/service-registry/instance-status],methods=[GET]}" onto public org.springframework.http.ResponseEntity org.springframework.cloud.client.serviceregistry.endpoint.ServiceRegistryEndpoint.getStatus()
2018-01-23 11:38:59.909  INFO 1337 --- [main] o.s.b.a.e.mvc.EndpointHandlerMapping     : Mapped "{[/beans || /beans.json],methods=[GET],produces=[application/vnd.spring-boot.actuator.v1+json || application/json]}" onto public java.lang.Object org.springframework.boot.actuate.endpoint.mvc.EndpointMvcAdapter.invoke()
2018-01-23 11:38:59.910  INFO 1337 --- [main] o.s.b.a.e.mvc.EndpointHandlerMapping     : Mapped "{[/dump || /dump.json],methods=[GET],produces=[application/vnd.spring-boot.actuator.v1+json || application/json]}" onto public java.lang.Object org.springframework.boot.actuate.endpoint.mvc.EndpointMvcAdapter.invoke()
2018-01-23 11:38:59.912  INFO 1337 --- [main] o.s.b.a.e.mvc.EndpointHandlerMapping     : Mapped "{[/auditevents || /auditevents.json],methods=[GET],produces=[application/vnd.spring-boot.actuator.v1+json || application/json]}" onto public org.springframework.http.ResponseEntity<?> org.springframework.boot.actuate.endpoint.mvc.AuditEventsMvcEndpoint.findByPrincipalAndAfterAndType(java.lang.String,java.util.Date,java.lang.String)
2018-01-23 11:38:59.914  INFO 1337 --- [main] o.s.b.a.e.mvc.EndpointHandlerMapping     : Mapped "{[/autoconfig || /autoconfig.json],methods=[GET],produces=[application/vnd.spring-boot.actuator.v1+json || application/json]}" onto public java.lang.Object org.springframework.boot.actuate.endpoint.mvc.EndpointMvcAdapter.invoke()
2018-01-23 11:38:59.915  INFO 1337 --- [main] o.s.b.a.e.mvc.EndpointHandlerMapping     : Mapped "{[/features || /features.json],methods=[GET],produces=[application/vnd.spring-boot.actuator.v1+json || application/json]}" onto public java.lang.Object org.springframework.boot.actuate.endpoint.mvc.EndpointMvcAdapter.invoke()
2018-01-23 11:38:59.916  INFO 1337 --- [main] o.s.b.a.e.mvc.EndpointHandlerMapping     : Mapped "{[/jolokia/**]}" onto public org.springframework.web.servlet.ModelAndView org.springframework.boot.actuate.endpoint.mvc.JolokiaMvcEndpoint.handle(javax.servlet.http.HttpServletRequest,javax.servlet.http.HttpServletResponse) throws java.lang.Exception
2018-01-23 11:39:00.726  INFO 1337 --- [main] o.s.s.web.DefaultSecurityFilterChain     : Creating filter chain: org.springframework.security.web.util.matcher.AnyRequestMatcher@1, [org.springframework.security.web.context.request.async.WebAsyncManagerIntegrationFilter@280d20fb, org.springframework.security.web.context.SecurityContextPersistenceFilter@4f1a4d61, org.springframework.security.web.header.HeaderWriterFilter@6945fdb8, org.springframework.security.web.authentication.logout.LogoutFilter@347074a9, com.chinacaring.auth.filter.JwtAuthenticationTokenFilter@7e9b68c5, org.springframework.security.web.savedrequest.RequestCacheAwareFilter@7f1581bb, org.springframework.security.web.servletapi.SecurityContextHolderAwareRequestFilter@7e0fc5d0, org.springframework.security.web.authentication.AnonymousAuthenticationFilter@20c7a91d, org.springframework.security.web.session.SessionManagementFilter@6980e66a, org.springframework.security.web.access.ExceptionTranslationFilter@23674e3d, org.springframework.security.web.access.intercept.FilterSecurityInterceptor@15974f4e]
2018-01-23 11:39:01.332  WARN 1337 --- [main] c.n.c.sources.URLConfigurationSource     : No URLs will be polled as dynamic configuration sources.
2018-01-23 11:39:01.333  INFO 1337 --- [main] c.n.c.sources.URLConfigurationSource     : To enable URLs as dynamic configuration sources, define System property archaius.configurationSource.additionalUrls or make config.properties available on classpath.
2018-01-23 11:39:01.347  WARN 1337 --- [main] c.n.c.sources.URLConfigurationSource     : No URLs will be polled as dynamic configuration sources.
2018-01-23 11:39:01.347  INFO 1337 --- [main] c.n.c.sources.URLConfigurationSource     : To enable URLs as dynamic configuration sources, define System property archaius.configurationSource.additionalUrls or make config.properties available on classpath.
2018-01-23 11:39:01.788  INFO 1337 --- [main] s.w.s.m.m.a.RequestMappingHandlerAdapter : Looking for @ControllerAdvice: org.springframework.web.context.support.GenericWebApplicationContext@1bdaa23d: startup date [Tue Jan 23 11:38:36 CST 2018]; parent: org.springframework.context.annotation.AnnotationConfigApplicationContext@15713d56
2018-01-23 11:39:01.976  INFO 1337 --- [main] o.s.w.s.handler.SimpleUrlHandlerMapping  : Mapped URL path [/swagger-ui.html] onto handler of type [class org.springframework.web.servlet.resource.ResourceHttpRequestHandler]
2018-01-23 11:39:01.976  INFO 1337 --- [main] o.s.w.s.handler.SimpleUrlHandlerMapping  : Mapped URL path [/webjars/**] onto handler of type [class org.springframework.web.servlet.resource.ResourceHttpRequestHandler]
2018-01-23 11:39:01.977  INFO 1337 --- [main] o.s.w.s.handler.SimpleUrlHandlerMapping  : Mapped URL path [/**] onto handler of type [class org.springframework.web.servlet.resource.ResourceHttpRequestHandler]
2018-01-23 11:39:02.041  INFO 1337 --- [main] .m.m.a.ExceptionHandlerExceptionResolver : Detected @ExceptionHandler methods in myGlobalExceptionHandler
2018-01-23 11:39:02.042  INFO 1337 --- [main] .m.m.a.ExceptionHandlerExceptionResolver : Detected @ExceptionHandler methods in globalExceptionHandler
2018-01-23 11:39:02.159  INFO 1337 --- [main] o.s.w.s.handler.SimpleUrlHandlerMapping  : Mapped URL path [/**/favicon.ico] onto handler of type [class org.springframework.web.servlet.resource.ResourceHttpRequestHandler]
2018-01-23 11:39:04.088  INFO 1337 --- [main] o.s.b.t.m.w.SpringBootMockServletContext : jolokia: No access restrictor found, access to any MBean is allowed
2018-01-23 11:39:04.104  INFO 1337 --- [main] o.s.b.t.m.w.SpringBootMockServletContext : jolokia: jolokia:type=Config is already registered. Adding it with jolokia:type=Config,uuid=55f3f4d4-222c-44a3-adeb-30f11dfd28fb, but you should revise your setup in order to either use a qualifier or ensure, that only a single agent gets registered (otherwise history functionality might not work)
2018-01-23 11:39:04.105  INFO 1337 --- [main] o.s.b.t.m.w.SpringBootMockServletContext : jolokia: Cannot register (legacy) MBean handler for config store with name jmx4perl:type=Config since it already exists. This is the case if another agent has been already started within the same JVM. The registration is skipped.
2018-01-23 11:39:04.105  INFO 1337 --- [main] o.s.b.t.m.w.SpringBootMockServletContext : jolokia: Jolokia Discovery MBean registration is skipped because there is already one registered.
2018-01-23 11:39:04.167  INFO 1337 --- [main] o.s.c.support.DefaultLifecycleProcessor  : Starting beans in phase 0
2018-01-23 11:39:04.168  INFO 1337 --- [main] o.s.c.support.DefaultLifecycleProcessor  : Starting beans in phase 2147483647
2018-01-23 11:39:04.169  INFO 1337 --- [main] d.s.w.p.DocumentationPluginsBootstrapper : Context refreshed
2018-01-23 11:39:04.205  INFO 1337 --- [main] d.s.w.p.DocumentationPluginsBootstrapper : Found 1 custom documentation plugin(s)
2018-01-23 11:39:04.238  INFO 1337 --- [main] s.d.s.w.s.ApiListingReferenceScanner     : Scanning for api listing references
2018-01-23 11:39:04.951  INFO 1337 --- [main] s.a.ScheduledAnnotationBeanPostProcessor : No TaskScheduler/ScheduledExecutorService bean found for scheduled processing
2018-01-23 11:39:04.979  INFO 1337 --- [main] c.c.p.p.client.ClientApplicationTests    : Started ClientApplicationTests in 32.842 seconds (JVM running for 34.759)
2018-01-23 11:39:05.102  INFO 1337 --- [Thread-8] o.s.w.c.s.GenericWebApplicationContext   : Closing org.springframework.web.context.support.GenericWebApplicationContext@1bdaa23d: startup date [Tue Jan 23 11:38:36 CST 2018]; parent: org.springframework.context.annotation.AnnotationConfigApplicationContext@15713d56
2018-01-23 11:39:05.108  INFO 1337 --- [Thread-8] o.s.c.support.DefaultLifecycleProcessor  : Stopping beans in phase 2147483647
2018-01-23 11:39:05.111  INFO 1337 --- [Thread-8] o.s.c.support.DefaultLifecycleProcessor  : Stopping beans in phase 0
2018-01-23 11:39:05.129  INFO 1337 --- [Thread-8] s.c.a.AnnotationConfigApplicationContext : Closing org.springframework.context.annotation.AnnotationConfigApplicationContext@1cf7c055: startup date [Tue Jan 23 11:38:56 CST 2018]; parent: org.springframework.web.context.support.GenericWebApplicationContext@1bdaa23d
2018-01-23 11:39:05.141  INFO 1337 --- [Thread-8] j.LocalContainerEntityManagerFactoryBean : Closing JPA EntityManagerFactory for persistence unit 'default'
